Determining if the pthread_create exist failed with the following output:
Change Dir: /home/rmp/catkin_ws/build_isolated/wiimote/CMakeFiles/CMakeTmp

Run Build Command:"/usr/bin/make" "cmTC_b1d3d/fast"
/usr/bin/make -f CMakeFiles/cmTC_b1d3d.dir/build.make CMakeFiles/cmTC_b1d3d.dir/build
make[1]: Entering directory '/home/rmp/catkin_ws/build_isolated/wiimote/CMakeFiles/CMakeTmp'
Building C object CMakeFiles/cmTC_b1d3d.dir/CheckSymbolExists.c.o
/usr/bin/cc     -o CMakeFiles/cmTC_b1d3d.dir/CheckSymbolExists.c.o   -c /home/rmp/catkin_ws/build_isolated/wiimote/CMakeFiles/CMakeTmp/CheckSymbolExists.c
Linking C executable cmTC_b1d3d
/usr/bin/cmake -E cmake_link_script CMakeFiles/cmTC_b1d3d.dir/link.txt --verbose=1
/usr/bin/cc       CMakeFiles/cmTC_b1d3d.dir/CheckSymbolExists.c.o  -o cmTC_b1d3d -rdynamic 
CMakeFiles/cmTC_b1d3d.dir/CheckSymbolExists.c.o: In function `main':
CheckSymbolExists.c:(.text+0xa): undefined reference to `pthread_create'
collect2: error: ld returned 1 exit status
CMakeFiles/cmTC_b1d3d.dir/build.make:97: recipe for target 'cmTC_b1d3d' failed
make[1]: *** [cmTC_b1d3d] Error 1
make[1]: Leaving directory '/home/rmp/catkin_ws/build_isolated/wiimote/CMakeFiles/CMakeTmp'
Makefile:126: recipe for target 'cmTC_b1d3d/fast' failed
make: *** [cmTC_b1d3d/fast] Error 2

File /home/rmp/catkin_ws/build_isolated/wiimote/CMakeFiles/CMakeTmp/CheckSymbolExists.c:
/* */
#include <pthread.h>

int main(int argc, char** argv)
{
  (void)argv;
#ifndef pthread_create
  return ((int*)(&pthread_create))[argc];
#else
  (void)argc;
  return 0;
#endif
}

Determining if the function pthread_create exists in the pthreads failed with the following output:
Change Dir: /home/rmp/catkin_ws/build_isolated/wiimote/CMakeFiles/CMakeTmp

Run Build Command:"/usr/bin/make" "cmTC_c153c/fast"
/usr/bin/make -f CMakeFiles/cmTC_c153c.dir/build.make CMakeFiles/cmTC_c153c.dir/build
make[1]: Entering directory '/home/rmp/catkin_ws/build_isolated/wiimote/CMakeFiles/CMakeTmp'
Building C object CMakeFiles/cmTC_c153c.dir/CheckFunctionExists.c.o
/usr/bin/cc    -DCHECK_FUNCTION_EXISTS=pthread_create   -o CMakeFiles/cmTC_c153c.dir/CheckFunctionExists.c.o   -c /usr/share/cmake-3.5/Modules/CheckFunctionExists.c
Linking C executable cmTC_c153c
/usr/bin/cmake -E cmake_link_script CMakeFiles/cmTC_c153c.dir/link.txt --verbose=1
/usr/bin/cc   -DCHECK_FUNCTION_EXISTS=pthread_create    CMakeFiles/cmTC_c153c.dir/CheckFunctionExists.c.o  -o cmTC_c153c -rdynamic -lpthreads 
/usr/bin/ld: cannot find -lpthreads
collect2: error: ld returned 1 exit status
CMakeFiles/cmTC_c153c.dir/build.make:97: recipe for target 'cmTC_c153c' failed
make[1]: *** [cmTC_c153c] Error 1
make[1]: Leaving directory '/home/rmp/catkin_ws/build_isolated/wiimote/CMakeFiles/CMakeTmp'
Makefile:126: recipe for target 'cmTC_c153c/fast' failed
make: *** [cmTC_c153c/fast] Error 2


