Determining if the pthread_create exist failed with the following output:
Change Dir: /home/rmp/catkin_ws/build_isolated/serial/CMakeFiles/CMakeTmp

Run Build Command:"/usr/bin/make" "cmTC_78509/fast"
/usr/bin/make -f CMakeFiles/cmTC_78509.dir/build.make CMakeFiles/cmTC_78509.dir/build
make[1]: Entering directory '/home/rmp/catkin_ws/build_isolated/serial/CMakeFiles/CMakeTmp'
Building C object CMakeFiles/cmTC_78509.dir/CheckSymbolExists.c.o
/usr/bin/cc     -o CMakeFiles/cmTC_78509.dir/CheckSymbolExists.c.o   -c /home/rmp/catkin_ws/build_isolated/serial/CMakeFiles/CMakeTmp/CheckSymbolExists.c
Linking C executable cmTC_78509
/usr/bin/cmake -E cmake_link_script CMakeFiles/cmTC_78509.dir/link.txt --verbose=1
/usr/bin/cc       CMakeFiles/cmTC_78509.dir/CheckSymbolExists.c.o  -o cmTC_78509 -rdynamic 
CMakeFiles/cmTC_78509.dir/CheckSymbolExists.c.o: In function `main':
CheckSymbolExists.c:(.text+0xa): undefined reference to `pthread_create'
collect2: error: ld returned 1 exit status
CMakeFiles/cmTC_78509.dir/build.make:97: recipe for target 'cmTC_78509' failed
make[1]: *** [cmTC_78509] Error 1
make[1]: Leaving directory '/home/rmp/catkin_ws/build_isolated/serial/CMakeFiles/CMakeTmp'
Makefile:126: recipe for target 'cmTC_78509/fast' failed
make: *** [cmTC_78509/fast] Error 2

File /home/rmp/catkin_ws/build_isolated/serial/CMakeFiles/CMakeTmp/CheckSymbolExists.c:
/* */
#include <pthread.h>

int main(int argc, char** argv)
{
  (void)argv;
#ifndef pthread_create
  return ((int*)(&pthread_create))[argc];
#else
  (void)argc;
  return 0;
#endif
}

Determining if the function pthread_create exists in the pthreads failed with the following output:
Change Dir: /home/rmp/catkin_ws/build_isolated/serial/CMakeFiles/CMakeTmp

Run Build Command:"/usr/bin/make" "cmTC_f9854/fast"
/usr/bin/make -f CMakeFiles/cmTC_f9854.dir/build.make CMakeFiles/cmTC_f9854.dir/build
make[1]: Entering directory '/home/rmp/catkin_ws/build_isolated/serial/CMakeFiles/CMakeTmp'
Building C object CMakeFiles/cmTC_f9854.dir/CheckFunctionExists.c.o
/usr/bin/cc    -DCHECK_FUNCTION_EXISTS=pthread_create   -o CMakeFiles/cmTC_f9854.dir/CheckFunctionExists.c.o   -c /usr/share/cmake-3.5/Modules/CheckFunctionExists.c
Linking C executable cmTC_f9854
/usr/bin/cmake -E cmake_link_script CMakeFiles/cmTC_f9854.dir/link.txt --verbose=1
/usr/bin/cc   -DCHECK_FUNCTION_EXISTS=pthread_create    CMakeFiles/cmTC_f9854.dir/CheckFunctionExists.c.o  -o cmTC_f9854 -rdynamic -lpthreads 
/usr/bin/ld: cannot find -lpthreads
collect2: error: ld returned 1 exit status
CMakeFiles/cmTC_f9854.dir/build.make:97: recipe for target 'cmTC_f9854' failed
make[1]: *** [cmTC_f9854] Error 1
make[1]: Leaving directory '/home/rmp/catkin_ws/build_isolated/serial/CMakeFiles/CMakeTmp'
Makefile:126: recipe for target 'cmTC_f9854/fast' failed
make: *** [cmTC_f9854/fast] Error 2


