Determining if the pthread_create exist failed with the following output:
Change Dir: /home/rmp/catkin_ws/build/CMakeFiles/CMakeTmp

Run Build Command:"/usr/bin/make" "cmTC_77468/fast"
/usr/bin/make -f CMakeFiles/cmTC_77468.dir/build.make CMakeFiles/cmTC_77468.dir/build
make[1]: Entering directory '/home/rmp/catkin_ws/build/CMakeFiles/CMakeTmp'
Building C object CMakeFiles/cmTC_77468.dir/CheckSymbolExists.c.o
/usr/bin/cc     -o CMakeFiles/cmTC_77468.dir/CheckSymbolExists.c.o   -c /home/rmp/catkin_ws/build/CMakeFiles/CMakeTmp/CheckSymbolExists.c
Linking C executable cmTC_77468
/usr/bin/cmake -E cmake_link_script CMakeFiles/cmTC_77468.dir/link.txt --verbose=1
/usr/bin/cc       CMakeFiles/cmTC_77468.dir/CheckSymbolExists.c.o  -o cmTC_77468 -rdynamic 
CMakeFiles/cmTC_77468.dir/CheckSymbolExists.c.o: In function `main':
CheckSymbolExists.c:(.text+0xa): undefined reference to `pthread_create'
collect2: error: ld returned 1 exit status
CMakeFiles/cmTC_77468.dir/build.make:97: recipe for target 'cmTC_77468' failed
make[1]: *** [cmTC_77468] Error 1
make[1]: Leaving directory '/home/rmp/catkin_ws/build/CMakeFiles/CMakeTmp'
Makefile:126: recipe for target 'cmTC_77468/fast' failed
make: *** [cmTC_77468/fast] Error 2

File /home/rmp/catkin_ws/build/CMakeFiles/CMakeTmp/CheckSymbolExists.c:
/* */
#include <pthread.h>

int main(int argc, char** argv)
{
  (void)argv;
#ifndef pthread_create
  return ((int*)(&pthread_create))[argc];
#else
  (void)argc;
  return 0;
#endif
}

Determining if the function pthread_create exists in the pthreads failed with the following output:
Change Dir: /home/rmp/catkin_ws/build/CMakeFiles/CMakeTmp

Run Build Command:"/usr/bin/make" "cmTC_71757/fast"
/usr/bin/make -f CMakeFiles/cmTC_71757.dir/build.make CMakeFiles/cmTC_71757.dir/build
make[1]: Entering directory '/home/rmp/catkin_ws/build/CMakeFiles/CMakeTmp'
Building C object CMakeFiles/cmTC_71757.dir/CheckFunctionExists.c.o
/usr/bin/cc    -DCHECK_FUNCTION_EXISTS=pthread_create   -o CMakeFiles/cmTC_71757.dir/CheckFunctionExists.c.o   -c /usr/share/cmake-3.5/Modules/CheckFunctionExists.c
Linking C executable cmTC_71757
/usr/bin/cmake -E cmake_link_script CMakeFiles/cmTC_71757.dir/link.txt --verbose=1
/usr/bin/cc   -DCHECK_FUNCTION_EXISTS=pthread_create    CMakeFiles/cmTC_71757.dir/CheckFunctionExists.c.o  -o cmTC_71757 -rdynamic -lpthreads 
/usr/bin/ld: cannot find -lpthreads
collect2: error: ld returned 1 exit status
CMakeFiles/cmTC_71757.dir/build.make:97: recipe for target 'cmTC_71757' failed
make[1]: *** [cmTC_71757] Error 1
make[1]: Leaving directory '/home/rmp/catkin_ws/build/CMakeFiles/CMakeTmp'
Makefile:126: recipe for target 'cmTC_71757/fast' failed
make: *** [cmTC_71757/fast] Error 2


