Determining if the pthread_create exist failed with the following output:
Change Dir: /home/rmp/catkin_ws/src/sandbox/learning_wiimote/build/CMakeFiles/CMakeTmp

Run Build Command:"/usr/bin/make" "cmTC_d026b/fast"
make[1]: Entering directory '/home/rmp/catkin_ws/src/sandbox/learning_wiimote/build/CMakeFiles/CMakeTmp'
/usr/bin/make -f CMakeFiles/cmTC_d026b.dir/build.make CMakeFiles/cmTC_d026b.dir/build
make[2]: Entering directory '/home/rmp/catkin_ws/src/sandbox/learning_wiimote/build/CMakeFiles/CMakeTmp'
Building C object CMakeFiles/cmTC_d026b.dir/CheckSymbolExists.c.o
/usr/bin/cc     -o CMakeFiles/cmTC_d026b.dir/CheckSymbolExists.c.o   -c /home/rmp/catkin_ws/src/sandbox/learning_wiimote/build/CMakeFiles/CMakeTmp/CheckSymbolExists.c
Linking C executable cmTC_d026b
/usr/bin/cmake -E cmake_link_script CMakeFiles/cmTC_d026b.dir/link.txt --verbose=1
/usr/bin/cc       CMakeFiles/cmTC_d026b.dir/CheckSymbolExists.c.o  -o cmTC_d026b -rdynamic 
CMakeFiles/cmTC_d026b.dir/CheckSymbolExists.c.o: In function `main':
CheckSymbolExists.c:(.text+0xa): undefined reference to `pthread_create'
collect2: error: ld returned 1 exit status
CMakeFiles/cmTC_d026b.dir/build.make:97: recipe for target 'cmTC_d026b' failed
make[2]: *** [cmTC_d026b] Error 1
make[2]: Leaving directory '/home/rmp/catkin_ws/src/sandbox/learning_wiimote/build/CMakeFiles/CMakeTmp'
Makefile:126: recipe for target 'cmTC_d026b/fast' failed
make[1]: *** [cmTC_d026b/fast] Error 2
make[1]: Leaving directory '/home/rmp/catkin_ws/src/sandbox/learning_wiimote/build/CMakeFiles/CMakeTmp'

File /home/rmp/catkin_ws/src/sandbox/learning_wiimote/build/CMakeFiles/CMakeTmp/CheckSymbolExists.c:
/* */
#include <pthread.h>

int main(int argc, char** argv)
{
  (void)argv;
#ifndef pthread_create
  return ((int*)(&pthread_create))[argc];
#else
  (void)argc;
  return 0;
#endif
}

Determining if the function pthread_create exists in the pthreads failed with the following output:
Change Dir: /home/rmp/catkin_ws/src/sandbox/learning_wiimote/build/CMakeFiles/CMakeTmp

Run Build Command:"/usr/bin/make" "cmTC_0a370/fast"
make[1]: Entering directory '/home/rmp/catkin_ws/src/sandbox/learning_wiimote/build/CMakeFiles/CMakeTmp'
/usr/bin/make -f CMakeFiles/cmTC_0a370.dir/build.make CMakeFiles/cmTC_0a370.dir/build
make[2]: Entering directory '/home/rmp/catkin_ws/src/sandbox/learning_wiimote/build/CMakeFiles/CMakeTmp'
Building C object CMakeFiles/cmTC_0a370.dir/CheckFunctionExists.c.o
/usr/bin/cc    -DCHECK_FUNCTION_EXISTS=pthread_create   -o CMakeFiles/cmTC_0a370.dir/CheckFunctionExists.c.o   -c /usr/share/cmake-3.5/Modules/CheckFunctionExists.c
Linking C executable cmTC_0a370
/usr/bin/cmake -E cmake_link_script CMakeFiles/cmTC_0a370.dir/link.txt --verbose=1
/usr/bin/cc   -DCHECK_FUNCTION_EXISTS=pthread_create    CMakeFiles/cmTC_0a370.dir/CheckFunctionExists.c.o  -o cmTC_0a370 -rdynamic -lpthreads 
/usr/bin/ld: cannot find -lpthreads
collect2: error: ld returned 1 exit status
CMakeFiles/cmTC_0a370.dir/build.make:97: recipe for target 'cmTC_0a370' failed
make[2]: *** [cmTC_0a370] Error 1
make[2]: Leaving directory '/home/rmp/catkin_ws/src/sandbox/learning_wiimote/build/CMakeFiles/CMakeTmp'
Makefile:126: recipe for target 'cmTC_0a370/fast' failed
make[1]: *** [cmTC_0a370/fast] Error 2
make[1]: Leaving directory '/home/rmp/catkin_ws/src/sandbox/learning_wiimote/build/CMakeFiles/CMakeTmp'


